TN:
SF:background.js
FN:12,(anonymous_0)
FN:31,(anonymous_1)
FN:49,captureVisible
FN:54,captureSelectedArea
FN:55,(anonymous_4)
FN:56,(anonymous_5)
FN:70,captureFullPage
FN:74,(anonymous_7)
FN:105,(anonymous_8)
FN:111,(anonymous_9)
FN:112,(anonymous_10)
FN:113,(anonymous_11)
FN:150,dataUrlToImageBitmap
FN:156,offscreenToDataUrl
FN:162,blobToDataUrl
FN:163,(anonymous_15)
FN:165,(anonymous_16)
FN:171,delay
FN:171,(anonymous_18)
FN:173,handleError
FN:183,sanitizeOptions
FN:194,outputDataUrl
FN:199,(anonymous_22)
FN:200,(anonymous_23)
FN:210,createOrUpdateProgress
FN:218,(anonymous_25)
FN:220,(anonymous_26)
FN:222,(anonymous_27)
FN:227,retry
FN:235,getVisibleTabDataUrl
FN:236,(anonymous_30)
FN:238,(anonymous_31)
FN:253,(anonymous_32)
FNF:33
FNH:4
FNDA:0,(anonymous_0)
FNDA:0,(anonymous_1)
FNDA:0,captureVisible
FNDA:0,captureSelectedArea
FNDA:0,(anonymous_4)
FNDA:0,(anonymous_5)
FNDA:0,captureFullPage
FNDA:0,(anonymous_7)
FNDA:0,(anonymous_8)
FNDA:0,(anonymous_9)
FNDA:0,(anonymous_10)
FNDA:0,(anonymous_11)
FNDA:0,dataUrlToImageBitmap
FNDA:0,offscreenToDataUrl
FNDA:0,blobToDataUrl
FNDA:0,(anonymous_15)
FNDA:0,(anonymous_16)
FNDA:2,delay
FNDA:2,(anonymous_18)
FNDA:0,handleError
FNDA:3,sanitizeOptions
FNDA:0,outputDataUrl
FNDA:0,(anonymous_22)
FNDA:0,(anonymous_23)
FNDA:0,createOrUpdateProgress
FNDA:0,(anonymous_25)
FNDA:0,(anonymous_26)
FNDA:0,(anonymous_27)
FNDA:3,retry
FNDA:0,getVisibleTabDataUrl
FNDA:0,(anonymous_30)
FNDA:0,(anonymous_31)
FNDA:0,(anonymous_32)
DA:3,1
DA:11,1
DA:12,0
DA:13,0
DA:14,0
DA:15,0
DA:16,0
DA:17,0
DA:18,0
DA:19,0
DA:20,0
DA:21,0
DA:22,0
DA:23,0
DA:30,1
DA:31,0
DA:32,0
DA:33,0
DA:34,0
DA:35,0
DA:36,0
DA:37,0
DA:38,0
DA:39,0
DA:41,0
DA:44,0
DA:50,0
DA:51,0
DA:55,0
DA:56,0
DA:57,0
DA:58,0
DA:62,0
DA:63,0
DA:64,0
DA:65,0
DA:66,0
DA:67,0
DA:72,0
DA:74,0
DA:83,0
DA:86,0
DA:87,0
DA:89,0
DA:90,0
DA:91,0
DA:92,0
DA:94,0
DA:95,0
DA:96,0
DA:98,0
DA:99,0
DA:100,0
DA:102,0
DA:103,0
DA:105,0
DA:109,0
DA:111,0
DA:112,0
DA:113,0
DA:114,0
DA:115,0
DA:120,0
DA:123,0
DA:124,0
DA:125,0
DA:126,0
DA:127,0
DA:129,0
DA:134,0
DA:135,0
DA:136,0
DA:137,0
DA:138,0
DA:139,0
DA:141,0
DA:142,0
DA:144,0
DA:145,0
DA:151,0
DA:152,0
DA:153,0
DA:157,0
DA:158,0
DA:159,0
DA:163,0
DA:164,0
DA:165,0
DA:166,0
DA:167,0
DA:171,2
DA:174,0
DA:175,0
DA:184,3
DA:185,3
DA:186,3
DA:187,3
DA:188,3
DA:189,3
DA:190,3
DA:191,3
DA:195,0
DA:196,0
DA:197,0
DA:198,0
DA:199,0
DA:200,0
DA:201,0
DA:202,0
DA:206,0
DA:211,0
DA:212,0
DA:218,0
DA:219,0
DA:220,0
DA:222,0
DA:229,3
DA:230,5
DA:232,1
DA:236,0
DA:237,0
DA:238,0
DA:239,0
DA:240,0
DA:247,1
DA:248,1
DA:253,0
LF:127
LH:17
BRDA:11,0,0,0
BRDA:11,0,1,1
BRDA:11,1,0,1
BRDA:11,1,1,0
BRDA:11,1,2,0
BRDA:13,2,0,0
BRDA:13,2,1,0
BRDA:13,3,0,0
BRDA:13,3,1,0
BRDA:15,4,0,0
BRDA:15,4,1,0
BRDA:16,5,0,0
BRDA:16,5,1,0
BRDA:18,6,0,0
BRDA:18,6,1,0
BRDA:20,7,0,0
BRDA:20,7,1,0
BRDA:21,8,0,0
BRDA:21,8,1,0
BRDA:23,9,0,0
BRDA:23,9,1,0
BRDA:30,10,0,0
BRDA:30,10,1,1
BRDA:30,11,0,1
BRDA:30,11,1,0
BRDA:30,11,2,0
BRDA:34,12,0,0
BRDA:34,12,1,0
BRDA:35,13,0,0
BRDA:35,13,1,0
BRDA:37,14,0,0
BRDA:37,14,1,0
BRDA:39,15,0,0
BRDA:39,15,1,0
BRDA:57,16,0,0
BRDA:57,16,1,0
BRDA:109,17,0,0
BRDA:109,17,1,0
BRDA:114,18,0,0
BRDA:114,18,1,0
BRDA:114,19,0,0
BRDA:114,19,1,0
BRDA:114,20,0,0
BRDA:114,20,1,0
BRDA:118,21,0,0
BRDA:118,21,1,0
BRDA:118,22,0,0
BRDA:118,22,1,0
BRDA:134,23,0,0
BRDA:134,23,1,0
BRDA:144,24,0,0
BRDA:144,24,1,0
BRDA:156,25,0,0
BRDA:156,26,0,0
BRDA:157,27,0,0
BRDA:157,27,1,0
BRDA:185,28,0,3
BRDA:185,28,1,0
BRDA:186,29,0,3
BRDA:186,29,1,0
BRDA:186,30,0,3
BRDA:186,30,1,1
BRDA:186,30,2,1
BRDA:187,31,0,2
BRDA:187,31,1,1
BRDA:187,32,0,3
BRDA:187,32,1,2
BRDA:195,33,0,0
BRDA:195,33,1,0
BRDA:196,34,0,0
BRDA:196,34,1,0
BRDA:197,35,0,0
BRDA:197,35,1,0
BRDA:201,36,0,0
BRDA:201,36,1,0
BRDA:219,37,0,0
BRDA:219,37,1,0
BRDA:230,38,0,2
BRDA:230,38,1,1
BRDA:237,39,0,0
BRDA:237,39,1,0
BRDA:238,40,0,0
BRDA:238,40,1,0
BRDA:238,41,0,0
BRDA:238,41,1,0
BRDA:239,42,0,0
BRDA:239,42,1,0
BRDA:239,43,0,0
BRDA:239,43,1,0
BRDA:239,44,0,0
BRDA:239,44,1,0
BRDA:247,45,0,1
BRDA:247,45,1,0
BRDA:247,46,0,1
BRDA:247,46,1,1
BRF:95
BRH:18
end_of_record
